<?xml version="1.0" encoding="UTF-8"?>
<!-- Generated by org.testng.reporters.JUnitReportReporter -->
<testsuite hostname="LEGEND" failures="0" tests="1" name="tests.TC2_AddToCartAndCheckout" time="6.909" errors="0" timestamp="2025-05-20T23:20:36 ICT" skipped="0">
  <testcase classname="tests.TC2_AddToCartAndCheckout" name="AddToCartAndCheckoutFlow" time="6.909"/>
</testsuite> <!-- tests.TC2_AddToCartAndCheckout -->
