<?xml version="1.0" encoding="UTF-8"?>
<!-- Generated by org.testng.reporters.JUnitReportReporter -->
<testsuite hostname="LEGEND" failures="0" tests="1" name="tests.TC2_AddToCartAndCheckout" time="7.053" errors="0" timestamp="2025-05-20T22:33:43 ICT" skipped="0">
  <testcase classname="tests.TC2_AddToCartAndCheckout" name="AddToCartAndCheckoutFlow" time="7.053"/>
</testsuite> <!-- tests.TC2_AddToCartAndCheckout -->
