<?xml version="1.0" encoding="UTF-8"?>
<!-- Generated by org.testng.reporters.JUnitReportReporter -->
<testsuite hostname="LEGEND" failures="0" tests="2" name="tests.TC1_Login" time="3.725" errors="0" timestamp="2025-05-20T22:33:43 ICT" skipped="0">
  <testcase classname="tests.TC1_Login" name="executeLoginTest" time="2.257"/>
  <testcase classname="tests.TC1_Login" name="executeLoginTest" time="1.468"/>
</testsuite> <!-- tests.TC1_Login -->
